<?xml version="1.0" encoding="UTF-8"?>
<testsuite name="com.ubs.opsit.interviews.converters.WhenGivenTimeIs_24_00_00" tests="1" skipped="0" failures="0" errors="0" timestamp="2018-03-18T18:19:46" hostname="Nick" time="0.0">
  <properties/>
  <testcase name="shouldConvertTime" classname="com.ubs.opsit.interviews.converters.WhenGivenTimeIs_24_00_00" time="0.0"/>
  <system-out><![CDATA[]]></system-out>
  <system-err><![CDATA[]]></system-err>
</testsuite>
