<?xml version="1.0" encoding="UTF-8"?>
<testsuite name="com.ubs.opsit.interviews.clock.ClockTest" tests="1" skipped="0" failures="0" errors="0" timestamp="2018-03-19T07:43:05" hostname="Nick" time="1.024">
  <properties/>
  <testcase name="testRunClock" classname="com.ubs.opsit.interviews.clock.ClockTest" time="1.024"/>
  <system-out><![CDATA[]]></system-out>
  <system-err><![CDATA[]]></system-err>
</testsuite>
