<?xml version="1.0" encoding="UTF-8"?>
<testsuite name="com.ubs.opsit.interviews.segments.MinutesSegmentTest" tests="1" skipped="0" failures="0" errors="0" timestamp="2018-03-19T07:43:06" hostname="Nick" time="0.0">
  <properties/>
  <testcase name="testSegmentDisplay" classname="com.ubs.opsit.interviews.segments.MinutesSegmentTest" time="0.0"/>
  <system-out><![CDATA[]]></system-out>
  <system-err><![CDATA[]]></system-err>
</testsuite>
