<?xml version="1.0" encoding="UTF-8"?>
<testsuite name="com.ubs.opsit.interviews.lamps.SecondsLampTest" tests="2" skipped="0" failures="0" errors="0" timestamp="2018-03-18T18:19:46" hostname="Nick" time="0.001">
  <properties/>
  <testcase name="testForOffDisplay" classname="com.ubs.opsit.interviews.lamps.SecondsLampTest" time="0.0"/>
  <testcase name="testForYellowDisplay" classname="com.ubs.opsit.interviews.lamps.SecondsLampTest" time="0.0"/>
  <system-out><![CDATA[]]></system-out>
  <system-err><![CDATA[]]></system-err>
</testsuite>
